<?xml version="1.0" encoding="UTF-8"?>
<testng-results ignored="0" total="1" passed="1" failed="0" skipped="0">
  <reporter-output>
  </reporter-output>
  <suite started-at="2023-10-20T06:53:49 IST" name="Default suite" finished-at="2023-10-20T06:55:00 IST" duration-ms="71173">
    <groups>
    </groups>
    <test started-at="2023-10-20T06:53:49 IST" name="Default test" finished-at="2023-10-20T06:55:00 IST" duration-ms="71173">
      <class name="com.flipkart.TC_BuyNow_003">
        <test-method is-config="true" signature="setup()[pri:0, instance:com.flipkart.TC_BuyNow_003@8458f04]" started-at="2023-10-20T06:53:49 IST" name="setup" finished-at="2023-10-20T06:53:57 IST" duration-ms="7528" status="PASS">
          <reporter-output>
          </reporter-output>
        </test-method> <!-- setup -->
        <test-method signature="BuyNow()[pri:0, instance:com.flipkart.TC_BuyNow_003@8458f04]" started-at="2023-10-20T06:53:57 IST" name="BuyNow" finished-at="2023-10-20T06:55:00 IST" duration-ms="63601" status="PASS">
          <reporter-output>
          </reporter-output>
        </test-method> <!-- BuyNow -->
      </class> <!-- com.flipkart.TC_BuyNow_003 -->
    </test> <!-- Default test -->
  </suite> <!-- Default suite -->
</testng-results>
